<?xml version="1.0" encoding="UTF-8"?>
<coverage generated="1645764557287" clover="3.2.0">
  <project timestamp="1645764557287" name="All files">
    <metrics statements="76" coveredstatements="26" conditionals="44" coveredconditionals="8" methods="20" coveredmethods="5" elements="140" coveredelements="39" complexity="0" loc="76" ncloc="76" packages="7" files="17" classes="17"/>
    <package name="config">
      <metrics statements="2" coveredstatements="2" conditionals="0" coveredconditionals="0" methods="0" coveredmethods="0"/>
      <file name="styleMock.js" path="/Users/chloem/RPP33/FEC-Team-Green/client/src/config/styleMock.js">
        <metrics statements="2" coveredstatements="2" conditionals="0" coveredconditionals="0" methods="0" coveredmethods="0"/>
        <line num="1" count="1" type="stmt"/>
        <line num="2" count="1" type="stmt"/>
      </file>
    </package>
    <package name="data">
      <metrics statements="2" coveredstatements="2" conditionals="0" coveredconditionals="0" methods="0" coveredmethods="0"/>
      <file name="exampleProductData.js" path="/Users/chloem/RPP33/FEC-Team-Green/client/src/data/exampleProductData.js">
        <metrics statements="1" coveredstatements="1" conditionals="0" coveredconditionals="0" methods="0" coveredmethods="0"/>
        <line num="1" count="1" type="stmt"/>
      </file>
      <file name="exampleStyleData.js" path="/Users/chloem/RPP33/FEC-Team-Green/client/src/data/exampleStyleData.js">
        <metrics statements="1" coveredstatements="1" conditionals="0" coveredconditionals="0" methods="0" coveredmethods="0"/>
        <line num="1" count="1" type="stmt"/>
      </file>
    </package>
    <package name="overview">
      <metrics statements="12" coveredstatements="1" conditionals="2" coveredconditionals="0" methods="2" coveredmethods="0"/>
      <file name="overview.jsx" path="/Users/chloem/RPP33/FEC-Team-Green/client/src/overview/overview.jsx">
        <metrics statements="12" coveredstatements="1" conditionals="2" coveredconditionals="0" methods="2" coveredmethods="0"/>
        <line num="12" count="1" type="stmt"/>
        <line num="20" count="0" type="stmt"/>
        <line num="23" count="0" type="stmt"/>
        <line num="27" count="0" type="stmt"/>
        <line num="28" count="0" type="stmt"/>
        <line num="29" count="0" type="stmt"/>
        <line num="32" count="0" type="stmt"/>
        <line num="33" count="0" type="stmt"/>
        <line num="35" count="0" type="stmt"/>
        <line num="37" count="0" type="cond" truecount="0" falsecount="2"/>
        <line num="39" count="0" type="stmt"/>
        <line num="45" count="0" type="stmt"/>
      </file>
    </package>
    <package name="overview.components.Image">
      <metrics statements="6" coveredstatements="4" conditionals="4" coveredconditionals="2" methods="2" coveredmethods="1"/>
      <file name="ImageContainer.jsx" path="/Users/chloem/RPP33/FEC-Team-Green/client/src/overview/components/Image/ImageContainer.jsx">
        <metrics statements="2" coveredstatements="1" conditionals="0" coveredconditionals="0" methods="1" coveredmethods="0"/>
        <line num="3" count="1" type="stmt"/>
        <line num="8" count="0" type="stmt"/>
      </file>
      <file name="ImageExpander.jsx" path="/Users/chloem/RPP33/FEC-Team-Green/client/src/overview/components/Image/ImageExpander.jsx">
        <metrics statements="4" coveredstatements="3" conditionals="4" coveredconditionals="2" methods="1" coveredmethods="1"/>
        <line num="3" count="1" type="stmt"/>
        <line num="8" count="1" type="cond" truecount="2" falsecount="2"/>
        <line num="9" count="0" type="stmt"/>
        <line num="15" count="1" type="stmt"/>
      </file>
    </package>
    <package name="overview.components.details">
      <metrics statements="8" coveredstatements="7" conditionals="14" coveredconditionals="4" methods="3" coveredmethods="3"/>
      <file name="ProductDescription.jsx" path="/Users/chloem/RPP33/FEC-Team-Green/client/src/overview/components/details/ProductDescription.jsx">
        <metrics statements="2" coveredstatements="2" conditionals="4" coveredconditionals="2" methods="1" coveredmethods="1"/>
        <line num="10" count="1" type="stmt"/>
        <line num="20" count="1" type="stmt"/>
      </file>
      <file name="ProductFeatureList.jsx" path="/Users/chloem/RPP33/FEC-Team-Green/client/src/overview/components/details/ProductFeatureList.jsx">
        <metrics statements="2" coveredstatements="2" conditionals="0" coveredconditionals="0" methods="1" coveredmethods="1"/>
        <line num="11" count="1" type="stmt"/>
        <line num="15" count="1" type="stmt"/>
      </file>
      <file name="ProductInformationContainer.jsx" path="/Users/chloem/RPP33/FEC-Team-Green/client/src/overview/components/details/ProductInformationContainer.jsx">
        <metrics statements="4" coveredstatements="3" conditionals="10" coveredconditionals="2" methods="1" coveredmethods="1"/>
        <line num="3" count="1" type="stmt"/>
        <line num="13" count="1" type="cond" truecount="2" falsecount="2"/>
        <line num="14" count="0" type="stmt"/>
        <line num="29" count="1" type="stmt"/>
      </file>
    </package>
    <package name="overview.components.product">
      <metrics statements="33" coveredstatements="5" conditionals="20" coveredconditionals="0" methods="8" coveredmethods="0"/>
      <file name="AddToBagButton.jsx" path="/Users/chloem/RPP33/FEC-Team-Green/client/src/overview/components/product/AddToBagButton.jsx">
        <metrics statements="2" coveredstatements="1" conditionals="0" coveredconditionals="0" methods="1" coveredmethods="0"/>
        <line num="5" count="1" type="stmt"/>
        <line num="13" count="0" type="stmt"/>
      </file>
      <file name="SelectOutfitButton.jsx" path="/Users/chloem/RPP33/FEC-Team-Green/client/src/overview/components/product/SelectOutfitButton.jsx">
        <metrics statements="2" coveredstatements="1" conditionals="0" coveredconditionals="0" methods="1" coveredmethods="0"/>
        <line num="5" count="1" type="stmt"/>
        <line num="13" count="0" type="stmt"/>
      </file>
      <file name="SelectProductContainer.jsx" path="/Users/chloem/RPP33/FEC-Team-Green/client/src/overview/components/product/SelectProductContainer.jsx">
        <metrics statements="6" coveredstatements="1" conditionals="6" coveredconditionals="0" methods="2" coveredmethods="0"/>
        <line num="9" count="1" type="stmt"/>
        <line num="23" count="0" type="stmt"/>
        <line num="24" count="0" type="cond" truecount="0" falsecount="2"/>
        <line num="26" count="0" type="stmt"/>
        <line num="27" count="0" type="stmt"/>
        <line num="36" count="0" type="stmt"/>
      </file>
      <file name="SelectQuantityDropdown.jsx" path="/Users/chloem/RPP33/FEC-Team-Green/client/src/overview/components/product/SelectQuantityDropdown.jsx">
        <metrics statements="10" coveredstatements="1" conditionals="10" coveredconditionals="0" methods="1" coveredmethods="0"/>
        <line num="4" count="1" type="stmt"/>
        <line num="12" count="0" type="stmt"/>
        <line num="13" count="0" type="stmt"/>
        <line num="14" count="0" type="stmt"/>
        <line num="15" count="0" type="cond" truecount="0" falsecount="4"/>
        <line num="16" count="0" type="cond" truecount="0" falsecount="2"/>
        <line num="17" count="0" type="stmt"/>
        <line num="18" count="0" type="stmt"/>
        <line num="21" count="0" type="stmt"/>
        <line num="24" count="0" type="stmt"/>
      </file>
      <file name="SelectSizeDropdown.jsx" path="/Users/chloem/RPP33/FEC-Team-Green/client/src/overview/components/product/SelectSizeDropdown.jsx">
        <metrics statements="13" coveredstatements="1" conditionals="4" coveredconditionals="0" methods="3" coveredmethods="0"/>
        <line num="4" count="1" type="stmt"/>
        <line num="10" count="0" type="stmt"/>
        <line num="11" count="0" type="stmt"/>
        <line num="13" count="0" type="stmt"/>
        <line num="15" count="0" type="stmt"/>
        <line num="16" count="0" type="stmt"/>
        <line num="19" count="0" type="stmt"/>
        <line num="22" count="0" type="stmt"/>
        <line num="25" count="0" type="stmt"/>
        <line num="26" count="0" type="cond" truecount="0" falsecount="2"/>
        <line num="27" count="0" type="stmt"/>
        <line num="28" count="0" type="cond" truecount="0" falsecount="2"/>
        <line num="29" count="0" type="stmt"/>
      </file>
    </package>
    <package name="overview.components.style">
      <metrics statements="13" coveredstatements="5" conditionals="4" coveredconditionals="2" methods="5" coveredmethods="1"/>
      <file name="StyleList.jsx" path="/Users/chloem/RPP33/FEC-Team-Green/client/src/overview/components/style/StyleList.jsx">
        <metrics statements="4" coveredstatements="1" conditionals="0" coveredconditionals="0" methods="2" coveredmethods="0"/>
        <line num="5" count="1" type="stmt"/>
        <line num="12" count="0" type="stmt"/>
        <line num="13" count="0" type="stmt"/>
        <line num="15" count="0" type="stmt"/>
      </file>
      <file name="StyleSelectorContainer.jsx" path="/Users/chloem/RPP33/FEC-Team-Green/client/src/overview/components/style/StyleSelectorContainer.jsx">
        <metrics statements="4" coveredstatements="3" conditionals="4" coveredconditionals="2" methods="1" coveredmethods="1"/>
        <line num="5" count="1" type="stmt"/>
        <line num="14" count="1" type="cond" truecount="2" falsecount="2"/>
        <line num="15" count="0" type="stmt"/>
        <line num="29" count="1" type="stmt"/>
      </file>
      <file name="StyleThumbnail.jsx" path="/Users/chloem/RPP33/FEC-Team-Green/client/src/overview/components/style/StyleThumbnail.jsx">
        <metrics statements="5" coveredstatements="1" conditionals="0" coveredconditionals="0" methods="2" coveredmethods="0"/>
        <line num="5" count="1" type="stmt"/>
        <line num="11" count="0" type="stmt"/>
        <line num="12" count="0" type="stmt"/>
        <line num="13" count="0" type="stmt"/>
        <line num="16" count="0" type="stmt"/>
      </file>
    </package>
  </project>
</coverage>
