{"/Users/jo/Desktop/FEC-Team-Green/client/src/config/styleMock.js": {"path":"/Users/jo/Desktop/FEC-Team-Green/client/src/config/styleMock.js","statementMap":{"0":{"start":{"line":1,"column":0},"end":{"line":1,"column":20}}},"fnMap":{},"branchMap":{},"s":{"0":3},"f":{},"b":{},"_coverageSchema":"1a1c01bbd47fc00a2c39e90264f33305004495a9","hash":"e514ee902b9b7a69deaf4c35bc17517941ddf111"}
,"/Users/jo/Desktop/FEC-Team-Green/client/src/data/exampleQuestionData.js": {"path":"/Users/jo/Desktop/FEC-Team-Green/client/src/data/exampleQuestionData.js","statementMap":{"0":{"start":{"line":1,"column":33},"end":{"line":166,"column":1}},"1":{"start":{"line":168,"column":33},"end":{"line":354,"column":1}}},"fnMap":{},"branchMap":{},"s":{"0":2,"1":2},"f":{},"b":{},"_coverageSchema":"1a1c01bbd47fc00a2c39e90264f33305004495a9","hash":"4856a9ad135395041947cc63764f0a363b0b2ada"}
,"/Users/jo/Desktop/FEC-Team-Green/client/src/qa/QA.jsx": {"path":"/Users/jo/Desktop/FEC-Team-Green/client/src/qa/QA.jsx","statementMap":{"0":{"start":{"line":8,"column":11},"end":{"line":91,"column":1}},"1":{"start":{"line":10,"column":32},"end":{"line":10,"column":44}},"2":{"start":{"line":11,"column":42},"end":{"line":11,"column":54}},"3":{"start":{"line":12,"column":30},"end":{"line":12,"column":41}},"4":{"start":{"line":13,"column":54},"end":{"line":13,"column":69}},"5":{"start":{"line":16,"column":2},"end":{"line":40,"column":9}},"6":{"start":{"line":17,"column":18},"end":{"line":17,"column":20}},"7":{"start":{"line":18,"column":15},"end":{"line":18,"column":16}},"8":{"start":{"line":19,"column":20},"end":{"line":19,"column":22}},"9":{"start":{"line":21,"column":28},"end":{"line":37,"column":5}},"10":{"start":{"line":22,"column":6},"end":{"line":36,"column":11}},"11":{"start":{"line":24,"column":10},"end":{"line":24,"column":62}},"12":{"start":{"line":25,"column":10},"end":{"line":32,"column":11}},"13":{"start":{"line":26,"column":12},"end":{"line":26,"column":19}},"14":{"start":{"line":27,"column":12},"end":{"line":27,"column":30}},"15":{"start":{"line":29,"column":12},"end":{"line":29,"column":34}},"16":{"start":{"line":30,"column":12},"end":{"line":30,"column":39}},"17":{"start":{"line":31,"column":12},"end":{"line":31,"column":19}},"18":{"start":{"line":35,"column":10},"end":{"line":35,"column":57}},"19":{"start":{"line":39,"column":4},"end":{"line":39,"column":22}},"20":{"start":{"line":43,"column":2},"end":{"line":49,"column":5}},"21":{"start":{"line":44,"column":4},"end":{"line":48,"column":5}},"22":{"start":{"line":45,"column":6},"end":{"line":45,"column":34}},"23":{"start":{"line":47,"column":6},"end":{"line":47,"column":35}},"24":{"start":{"line":52,"column":33},"end":{"line":54,"column":3}},"25":{"start":{"line":53,"column":4},"end":{"line":53,"column":26}},"26":{"start":{"line":57,"column":21},"end":{"line":76,"column":3}},"27":{"start":{"line":59,"column":4},"end":{"line":75,"column":5}},"28":{"start":{"line":60,"column":20},"end":{"line":60,"column":39}},"29":{"start":{"line":61,"column":20},"end":{"line":61,"column":22}},"30":{"start":{"line":63,"column":6},"end":{"line":69,"column":7}},"31":{"start":{"line":63,"column":19},"end":{"line":63,"column":20}},"32":{"start":{"line":64,"column":25},"end":{"line":64,"column":63}},"33":{"start":{"line":66,"column":8},"end":{"line":68,"column":9}},"34":{"start":{"line":67,"column":10},"end":{"line":67,"column":47}},"35":{"start":{"line":71,"column":6},"end":{"line":71,"column":31}},"36":{"start":{"line":74,"column":6},"end":{"line":74,"column":31}},"37":{"start":{"line":78,"column":2},"end":{"line":90,"column":4}}},"fnMap":{"0":{"name":"(anonymous_0)","decl":{"start":{"line":8,"column":11},"end":{"line":8,"column":12}},"loc":{"start":{"line":8,"column":22},"end":{"line":91,"column":1}},"line":8},"1":{"name":"(anonymous_1)","decl":{"start":{"line":16,"column":12},"end":{"line":16,"column":13}},"loc":{"start":{"line":16,"column":18},"end":{"line":40,"column":3}},"line":16},"2":{"name":"(anonymous_2)","decl":{"start":{"line":21,"column":28},"end":{"line":21,"column":29}},"loc":{"start":{"line":21,"column":34},"end":{"line":37,"column":5}},"line":21},"3":{"name":"(anonymous_3)","decl":{"start":{"line":23,"column":14},"end":{"line":23,"column":15}},"loc":{"start":{"line":23,"column":28},"end":{"line":33,"column":9}},"line":23},"4":{"name":"(anonymous_4)","decl":{"start":{"line":34,"column":15},"end":{"line":34,"column":16}},"loc":{"start":{"line":34,"column":26},"end":{"line":36,"column":9}},"line":34},"5":{"name":"(anonymous_5)","decl":{"start":{"line":43,"column":12},"end":{"line":43,"column":13}},"loc":{"start":{"line":43,"column":18},"end":{"line":49,"column":3}},"line":43},"6":{"name":"(anonymous_6)","decl":{"start":{"line":52,"column":33},"end":{"line":52,"column":34}},"loc":{"start":{"line":52,"column":39},"end":{"line":54,"column":3}},"line":52},"7":{"name":"(anonymous_7)","decl":{"start":{"line":57,"column":21},"end":{"line":57,"column":22}},"loc":{"start":{"line":57,"column":32},"end":{"line":76,"column":3}},"line":57}},"branchMap":{"0":{"loc":{"start":{"line":25,"column":10},"end":{"line":32,"column":11}},"type":"if","locations":[{"start":{"line":25,"column":10},"end":{"line":32,"column":11}},{"start":{"line":28,"column":17},"end":{"line":32,"column":11}}],"line":25},"1":{"loc":{"start":{"line":44,"column":4},"end":{"line":48,"column":5}},"type":"if","locations":[{"start":{"line":44,"column":4},"end":{"line":48,"column":5}},{"start":{"line":46,"column":11},"end":{"line":48,"column":5}}],"line":44},"2":{"loc":{"start":{"line":59,"column":4},"end":{"line":75,"column":5}},"type":"if","locations":[{"start":{"line":59,"column":4},"end":{"line":75,"column":5}},{"start":{"line":72,"column":11},"end":{"line":75,"column":5}}],"line":59},"3":{"loc":{"start":{"line":66,"column":8},"end":{"line":68,"column":9}},"type":"if","locations":[{"start":{"line":66,"column":8},"end":{"line":68,"column":9}},{"start":{},"end":{}}],"line":66},"4":{"loc":{"start":{"line":86,"column":9},"end":{"line":86,"column":110}},"type":"cond-expr","locations":[{"start":{"line":86,"column":30},"end":{"line":86,"column":103}},{"start":{"line":86,"column":106},"end":{"line":86,"column":110}}],"line":86}},"s":{"0":3,"1":0,"2":0,"3":0,"4":0,"5":0,"6":0,"7":0,"8":0,"9":0,"10":0,"11":0,"12":0,"13":0,"14":0,"15":0,"16":0,"17":0,"18":0,"19":0,"20":0,"21":0,"22":0,"23":0,"24":0,"25":0,"26":0,"27":0,"28":0,"29":0,"30":0,"31":0,"32":0,"33":0,"34":0,"35":0,"36":0,"37":0},"f":{"0":0,"1":0,"2":0,"3":0,"4":0,"5":0,"6":0,"7":0},"b":{"0":[0,0],"1":[0,0],"2":[0,0],"3":[0,0],"4":[0,0]},"_coverageSchema":"1a1c01bbd47fc00a2c39e90264f33305004495a9","hash":"6154f0435e2b7db09384fa577e03613c1b245d13"}
,"/Users/jo/Desktop/FEC-Team-Green/client/src/qa/components/AddAQuestionButton.jsx": {"path":"/Users/jo/Desktop/FEC-Team-Green/client/src/qa/components/AddAQuestionButton.jsx","statementMap":{"0":{"start":{"line":13,"column":27},"end":{"line":18,"column":1}},"1":{"start":{"line":15,"column":2},"end":{"line":17,"column":4}}},"fnMap":{"0":{"name":"(anonymous_0)","decl":{"start":{"line":13,"column":27},"end":{"line":13,"column":28}},"loc":{"start":{"line":13,"column":33},"end":{"line":18,"column":1}},"line":13}},"branchMap":{},"s":{"0":3,"1":0},"f":{"0":0},"b":{},"_coverageSchema":"1a1c01bbd47fc00a2c39e90264f33305004495a9","hash":"5355c2dab3b8010a697a7799731f6069e9e8a1b2"}
,"/Users/jo/Desktop/FEC-Team-Green/client/src/qa/components/AddAnswerLink.jsx": {"path":"/Users/jo/Desktop/FEC-Team-Green/client/src/qa/components/AddAnswerLink.jsx","statementMap":{"0":{"start":{"line":4,"column":22},"end":{"line":24,"column":1}},"1":{"start":{"line":13,"column":22},"end":{"line":16,"column":3}},"2":{"start":{"line":14,"column":4},"end":{"line":14,"column":27}},"3":{"start":{"line":15,"column":4},"end":{"line":15,"column":43}},"4":{"start":{"line":21,"column":2},"end":{"line":23,"column":4}}},"fnMap":{"0":{"name":"(anonymous_0)","decl":{"start":{"line":4,"column":22},"end":{"line":4,"column":23}},"loc":{"start":{"line":4,"column":28},"end":{"line":24,"column":1}},"line":4},"1":{"name":"(anonymous_1)","decl":{"start":{"line":13,"column":22},"end":{"line":13,"column":23}},"loc":{"start":{"line":13,"column":33},"end":{"line":16,"column":3}},"line":13}},"branchMap":{},"s":{"0":5,"1":4,"2":0,"3":0,"4":4},"f":{"0":4,"1":0},"b":{},"_coverageSchema":"1a1c01bbd47fc00a2c39e90264f33305004495a9","hash":"bd5be6b33d5a664eae68014305478396fd57398b"}
,"/Users/jo/Desktop/FEC-Team-Green/client/src/qa/components/AnswersList.jsx": {"path":"/Users/jo/Desktop/FEC-Team-Green/client/src/qa/components/AnswersList.jsx","statementMap":{"0":{"start":{"line":4,"column":20},"end":{"line":18,"column":1}},"1":{"start":{"line":6,"column":18},"end":{"line":10,"column":3}},"2":{"start":{"line":7,"column":4},"end":{"line":9,"column":23}},"3":{"start":{"line":13,"column":2},"end":{"line":17,"column":4}}},"fnMap":{"0":{"name":"(anonymous_0)","decl":{"start":{"line":4,"column":20},"end":{"line":4,"column":21}},"loc":{"start":{"line":4,"column":31},"end":{"line":18,"column":1}},"line":4},"1":{"name":"(anonymous_1)","decl":{"start":{"line":6,"column":36},"end":{"line":6,"column":37}},"loc":{"start":{"line":7,"column":4},"end":{"line":9,"column":23}},"line":7}},"branchMap":{},"s":{"0":5,"1":4,"2":0,"3":4},"f":{"0":4,"1":0},"b":{},"_coverageSchema":"1a1c01bbd47fc00a2c39e90264f33305004495a9","hash":"3adedb07c4252ea5c7191826d700c01e7a121fe1"}
,"/Users/jo/Desktop/FEC-Team-Green/client/src/qa/components/IndividualAnswer.jsx": {"path":"/Users/jo/Desktop/FEC-Team-Green/client/src/qa/components/IndividualAnswer.jsx","statementMap":{"0":{"start":{"line":4,"column":25},"end":{"line":56,"column":1}},"1":{"start":{"line":8,"column":52},"end":{"line":8,"column":67}},"2":{"start":{"line":9,"column":44},"end":{"line":9,"column":78}},"3":{"start":{"line":13,"column":29},"end":{"line":27,"column":3}},"4":{"start":{"line":14,"column":4},"end":{"line":14,"column":27}},"5":{"start":{"line":15,"column":4},"end":{"line":26,"column":5}},"6":{"start":{"line":16,"column":6},"end":{"line":23,"column":11}},"7":{"start":{"line":18,"column":10},"end":{"line":18,"column":46}},"8":{"start":{"line":19,"column":10},"end":{"line":19,"column":37}},"9":{"start":{"line":22,"column":10},"end":{"line":22,"column":57}},"10":{"start":{"line":25,"column":6},"end":{"line":25,"column":52}},"11":{"start":{"line":32,"column":21},"end":{"line":44,"column":3}},"12":{"start":{"line":33,"column":19},"end":{"line":33,"column":47}},"13":{"start":{"line":34,"column":21},"end":{"line":34,"column":30}},"14":{"start":{"line":35,"column":22},"end":{"line":35,"column":41}},"15":{"start":{"line":36,"column":17},"end":{"line":36,"column":29}},"16":{"start":{"line":37,"column":16},"end":{"line":37,"column":28}},"17":{"start":{"line":39,"column":21},"end":{"line":39,"column":41}},"18":{"start":{"line":40,"column":22},"end":{"line":40,"column":148}},"19":{"start":{"line":41,"column":18},"end":{"line":41,"column":37}},"20":{"start":{"line":43,"column":4},"end":{"line":43,"column":38}},"21":{"start":{"line":49,"column":2},"end":{"line":54,"column":4}}},"fnMap":{"0":{"name":"(anonymous_0)","decl":{"start":{"line":4,"column":25},"end":{"line":4,"column":26}},"loc":{"start":{"line":4,"column":36},"end":{"line":56,"column":1}},"line":4},"1":{"name":"(anonymous_1)","decl":{"start":{"line":13,"column":29},"end":{"line":13,"column":30}},"loc":{"start":{"line":13,"column":40},"end":{"line":27,"column":3}},"line":13},"2":{"name":"(anonymous_2)","decl":{"start":{"line":17,"column":14},"end":{"line":17,"column":15}},"loc":{"start":{"line":17,"column":28},"end":{"line":20,"column":9}},"line":17},"3":{"name":"(anonymous_3)","decl":{"start":{"line":21,"column":15},"end":{"line":21,"column":16}},"loc":{"start":{"line":21,"column":26},"end":{"line":23,"column":9}},"line":21},"4":{"name":"(anonymous_4)","decl":{"start":{"line":32,"column":21},"end":{"line":32,"column":22}},"loc":{"start":{"line":32,"column":27},"end":{"line":44,"column":3}},"line":32}},"branchMap":{"0":{"loc":{"start":{"line":15,"column":4},"end":{"line":26,"column":5}},"type":"if","locations":[{"start":{"line":15,"column":4},"end":{"line":26,"column":5}},{"start":{"line":24,"column":11},"end":{"line":26,"column":5}}],"line":15}},"s":{"0":5,"1":0,"2":0,"3":0,"4":0,"5":0,"6":0,"7":0,"8":0,"9":0,"10":0,"11":0,"12":0,"13":0,"14":0,"15":0,"16":0,"17":0,"18":0,"19":0,"20":0,"21":0},"f":{"0":0,"1":0,"2":0,"3":0,"4":0},"b":{"0":[0,0]},"_coverageSchema":"1a1c01bbd47fc00a2c39e90264f33305004495a9","hash":"0a8a2bb91474e98de594c908bc1a4ffc3042eaf5"}
,"/Users/jo/Desktop/FEC-Team-Green/client/src/qa/components/IndividualQuestion.jsx": {"path":"/Users/jo/Desktop/FEC-Team-Green/client/src/qa/components/IndividualQuestion.jsx","statementMap":{"0":{"start":{"line":7,"column":27},"end":{"line":102,"column":1}},"1":{"start":{"line":11,"column":32},"end":{"line":11,"column":44}},"2":{"start":{"line":12,"column":30},"end":{"line":12,"column":41}},"3":{"start":{"line":13,"column":58},"end":{"line":13,"column":73}},"4":{"start":{"line":14,"column":52},"end":{"line":14,"column":67}},"5":{"start":{"line":15,"column":44},"end":{"line":15,"column":89}},"6":{"start":{"line":18,"column":2},"end":{"line":53,"column":9}},"7":{"start":{"line":19,"column":18},"end":{"line":19,"column":20}},"8":{"start":{"line":20,"column":15},"end":{"line":20,"column":16}},"9":{"start":{"line":21,"column":18},"end":{"line":21,"column":20}},"10":{"start":{"line":23,"column":26},"end":{"line":50,"column":5}},"11":{"start":{"line":24,"column":6},"end":{"line":49,"column":11}},"12":{"start":{"line":26,"column":10},"end":{"line":26,"column":58}},"13":{"start":{"line":27,"column":10},"end":{"line":45,"column":11}},"14":{"start":{"line":28,"column":12},"end":{"line":28,"column":19}},"15":{"start":{"line":29,"column":12},"end":{"line":29,"column":28}},"16":{"start":{"line":32,"column":12},"end":{"line":42,"column":13}},"17":{"start":{"line":32,"column":25},"end":{"line":32,"column":26}},"18":{"start":{"line":34,"column":14},"end":{"line":41,"column":15}},"19":{"start":{"line":36,"column":29},"end":{"line":36,"column":39}},"20":{"start":{"line":38,"column":16},"end":{"line":38,"column":37}},"21":{"start":{"line":40,"column":16},"end":{"line":40,"column":40}},"22":{"start":{"line":43,"column":12},"end":{"line":43,"column":32}},"23":{"start":{"line":44,"column":12},"end":{"line":44,"column":19}},"24":{"start":{"line":48,"column":10},"end":{"line":48,"column":49}},"25":{"start":{"line":52,"column":4},"end":{"line":52,"column":20}},"26":{"start":{"line":56,"column":2},"end":{"line":62,"column":5}},"27":{"start":{"line":57,"column":4},"end":{"line":61,"column":5}},"28":{"start":{"line":58,"column":6},"end":{"line":58,"column":36}},"29":{"start":{"line":60,"column":6},"end":{"line":60,"column":37}},"30":{"start":{"line":65,"column":29},"end":{"line":67,"column":3}},"31":{"start":{"line":66,"column":4},"end":{"line":66,"column":26}},"32":{"start":{"line":70,"column":29},"end":{"line":84,"column":3}},"33":{"start":{"line":71,"column":4},"end":{"line":71,"column":27}},"34":{"start":{"line":72,"column":4},"end":{"line":83,"column":5}},"35":{"start":{"line":73,"column":6},"end":{"line":80,"column":11}},"36":{"start":{"line":75,"column":10},"end":{"line":75,"column":46}},"37":{"start":{"line":76,"column":10},"end":{"line":76,"column":37}},"38":{"start":{"line":79,"column":10},"end":{"line":79,"column":58}},"39":{"start":{"line":82,"column":6},"end":{"line":82,"column":54}},"40":{"start":{"line":89,"column":2},"end":{"line":100,"column":4}}},"fnMap":{"0":{"name":"(anonymous_0)","decl":{"start":{"line":7,"column":27},"end":{"line":7,"column":28}},"loc":{"start":{"line":7,"column":38},"end":{"line":102,"column":1}},"line":7},"1":{"name":"(anonymous_1)","decl":{"start":{"line":18,"column":12},"end":{"line":18,"column":13}},"loc":{"start":{"line":18,"column":18},"end":{"line":53,"column":3}},"line":18},"2":{"name":"(anonymous_2)","decl":{"start":{"line":23,"column":26},"end":{"line":23,"column":27}},"loc":{"start":{"line":23,"column":32},"end":{"line":50,"column":5}},"line":23},"3":{"name":"(anonymous_3)","decl":{"start":{"line":25,"column":14},"end":{"line":25,"column":15}},"loc":{"start":{"line":25,"column":28},"end":{"line":46,"column":9}},"line":25},"4":{"name":"(anonymous_4)","decl":{"start":{"line":47,"column":15},"end":{"line":47,"column":16}},"loc":{"start":{"line":47,"column":26},"end":{"line":49,"column":9}},"line":47},"5":{"name":"(anonymous_5)","decl":{"start":{"line":56,"column":12},"end":{"line":56,"column":13}},"loc":{"start":{"line":56,"column":18},"end":{"line":62,"column":3}},"line":56},"6":{"name":"(anonymous_6)","decl":{"start":{"line":65,"column":29},"end":{"line":65,"column":30}},"loc":{"start":{"line":65,"column":35},"end":{"line":67,"column":3}},"line":65},"7":{"name":"(anonymous_7)","decl":{"start":{"line":70,"column":29},"end":{"line":70,"column":30}},"loc":{"start":{"line":70,"column":40},"end":{"line":84,"column":3}},"line":70},"8":{"name":"(anonymous_8)","decl":{"start":{"line":74,"column":14},"end":{"line":74,"column":15}},"loc":{"start":{"line":74,"column":28},"end":{"line":77,"column":9}},"line":74},"9":{"name":"(anonymous_9)","decl":{"start":{"line":78,"column":15},"end":{"line":78,"column":16}},"loc":{"start":{"line":78,"column":26},"end":{"line":80,"column":9}},"line":78}},"branchMap":{"0":{"loc":{"start":{"line":27,"column":10},"end":{"line":45,"column":11}},"type":"if","locations":[{"start":{"line":27,"column":10},"end":{"line":45,"column":11}},{"start":{"line":30,"column":17},"end":{"line":45,"column":11}}],"line":27},"1":{"loc":{"start":{"line":34,"column":14},"end":{"line":41,"column":15}},"type":"if","locations":[{"start":{"line":34,"column":14},"end":{"line":41,"column":15}},{"start":{},"end":{}}],"line":34},"2":{"loc":{"start":{"line":57,"column":4},"end":{"line":61,"column":5}},"type":"if","locations":[{"start":{"line":57,"column":4},"end":{"line":61,"column":5}},{"start":{"line":59,"column":11},"end":{"line":61,"column":5}}],"line":57},"3":{"loc":{"start":{"line":72,"column":4},"end":{"line":83,"column":5}},"type":"if","locations":[{"start":{"line":72,"column":4},"end":{"line":83,"column":5}},{"start":{"line":81,"column":11},"end":{"line":83,"column":5}}],"line":72},"4":{"loc":{"start":{"line":97,"column":9},"end":{"line":97,"column":96}},"type":"cond-expr","locations":[{"start":{"line":97,"column":32},"end":{"line":97,"column":89}},{"start":{"line":97,"column":92},"end":{"line":97,"column":96}}],"line":97}},"s":{"0":5,"1":4,"2":4,"3":4,"4":4,"5":4,"6":4,"7":4,"8":4,"9":4,"10":4,"11":4,"12":0,"13":0,"14":0,"15":0,"16":0,"17":0,"18":0,"19":0,"20":0,"21":0,"22":0,"23":0,"24":0,"25":4,"26":4,"27":4,"28":0,"29":4,"30":4,"31":0,"32":4,"33":0,"34":0,"35":0,"36":0,"37":0,"38":0,"39":0,"40":4},"f":{"0":4,"1":4,"2":4,"3":0,"4":0,"5":4,"6":0,"7":0,"8":0,"9":0},"b":{"0":[0,0],"1":[0,0],"2":[0,4],"3":[0,0],"4":[0,4]},"_coverageSchema":"1a1c01bbd47fc00a2c39e90264f33305004495a9","hash":"4ffaa39a9e1dd8a820e412872c93babffdd123ad"}
,"/Users/jo/Desktop/FEC-Team-Green/client/src/qa/components/QuestionsList.jsx": {"path":"/Users/jo/Desktop/FEC-Team-Green/client/src/qa/components/QuestionsList.jsx","statementMap":{"0":{"start":{"line":4,"column":22},"end":{"line":18,"column":1}},"1":{"start":{"line":6,"column":20},"end":{"line":10,"column":3}},"2":{"start":{"line":7,"column":4},"end":{"line":9,"column":27}},"3":{"start":{"line":13,"column":2},"end":{"line":17,"column":4}}},"fnMap":{"0":{"name":"(anonymous_0)","decl":{"start":{"line":4,"column":22},"end":{"line":4,"column":23}},"loc":{"start":{"line":4,"column":33},"end":{"line":18,"column":1}},"line":4},"1":{"name":"(anonymous_1)","decl":{"start":{"line":6,"column":40},"end":{"line":6,"column":41}},"loc":{"start":{"line":7,"column":4},"end":{"line":9,"column":27}},"line":7}},"branchMap":{},"s":{"0":4,"1":0,"2":0,"3":0},"f":{"0":0,"1":0},"b":{},"_coverageSchema":"1a1c01bbd47fc00a2c39e90264f33305004495a9","hash":"39d0c9bea6a2a5beb3a1ff54ce70c6dbc58b2be4"}
,"/Users/jo/Desktop/FEC-Team-Green/client/src/qa/components/Search.jsx": {"path":"/Users/jo/Desktop/FEC-Team-Green/client/src/qa/components/Search.jsx","statementMap":{"0":{"start":{"line":3,"column":15},"end":{"line":23,"column":1}},"1":{"start":{"line":9,"column":23},"end":{"line":11,"column":3}},"2":{"start":{"line":10,"column":4},"end":{"line":10,"column":41}},"3":{"start":{"line":13,"column":2},"end":{"line":22,"column":4}}},"fnMap":{"0":{"name":"(anonymous_0)","decl":{"start":{"line":3,"column":15},"end":{"line":3,"column":16}},"loc":{"start":{"line":3,"column":26},"end":{"line":23,"column":1}},"line":3},"1":{"name":"(anonymous_1)","decl":{"start":{"line":9,"column":23},"end":{"line":9,"column":24}},"loc":{"start":{"line":9,"column":34},"end":{"line":11,"column":3}},"line":9}},"branchMap":{},"s":{"0":3,"1":0,"2":0,"3":0},"f":{"0":0,"1":0},"b":{},"_coverageSchema":"1a1c01bbd47fc00a2c39e90264f33305004495a9","hash":"aa45e6ace51454276f7b4f59a4f8d74a32b99d2d"}
}
