{"/Users/chloem/RPP33/FEC-Team-Green/client/src/config/styleMock.js": {"path":"/Users/chloem/RPP33/FEC-Team-Green/client/src/config/styleMock.js","statementMap":{"0":{"start":{"line":1,"column":16},"end":{"line":1,"column":18}},"1":{"start":{"line":2,"column":0},"end":{"line":2,"column":27}}},"fnMap":{},"branchMap":{},"s":{"0":4,"1":4},"f":{},"b":{},"_coverageSchema":"1a1c01bbd47fc00a2c39e90264f33305004495a9","hash":"b37a8502bde25bb46c1af75a6d227624ad6c2af7"}
,"/Users/chloem/RPP33/FEC-Team-Green/client/src/data/exampleAnswerData.js": {"path":"/Users/chloem/RPP33/FEC-Team-Green/client/src/data/exampleAnswerData.js","statementMap":{"0":{"start":{"line":1,"column":33},"end":{"line":39,"column":1}}},"fnMap":{},"branchMap":{},"s":{"0":1},"f":{},"b":{},"_coverageSchema":"1a1c01bbd47fc00a2c39e90264f33305004495a9","hash":"1a2893940302f0ef3e8a4b9b282b895b0c4a6136"}
,"/Users/chloem/RPP33/FEC-Team-Green/client/src/data/exampleQuestionData.js": {"path":"/Users/chloem/RPP33/FEC-Team-Green/client/src/data/exampleQuestionData.js","statementMap":{"0":{"start":{"line":1,"column":33},"end":{"line":166,"column":1}},"1":{"start":{"line":168,"column":33},"end":{"line":354,"column":1}}},"fnMap":{},"branchMap":{},"s":{"0":2,"1":2},"f":{},"b":{},"_coverageSchema":"1a1c01bbd47fc00a2c39e90264f33305004495a9","hash":"37e807be9a2daeed86ad8d217b5364767a0ea767"}
,"/Users/chloem/RPP33/FEC-Team-Green/client/src/overview/overview.jsx": {"path":"/Users/chloem/RPP33/FEC-Team-Green/client/src/overview/overview.jsx","statementMap":{"0":{"start":{"line":12,"column":17},"end":{"line":55,"column":1}},"1":{"start":{"line":20,"column":36},"end":{"line":20,"column":48}},"2":{"start":{"line":23,"column":48},"end":{"line":23,"column":60}},"3":{"start":{"line":27,"column":44},"end":{"line":27,"column":73}},"4":{"start":{"line":28,"column":42},"end":{"line":28,"column":65}},"5":{"start":{"line":29,"column":50},"end":{"line":29,"column":61}},"6":{"start":{"line":32,"column":2},"end":{"line":35,"column":9}},"7":{"start":{"line":33,"column":4},"end":{"line":33,"column":46}},"8":{"start":{"line":34,"column":4},"end":{"line":34,"column":45}},"9":{"start":{"line":37,"column":2},"end":{"line":53,"column":4}}},"fnMap":{"0":{"name":"(anonymous_0)","decl":{"start":{"line":12,"column":17},"end":{"line":12,"column":18}},"loc":{"start":{"line":12,"column":28},"end":{"line":55,"column":1}},"line":12},"1":{"name":"(anonymous_1)","decl":{"start":{"line":32,"column":12},"end":{"line":32,"column":13}},"loc":{"start":{"line":32,"column":18},"end":{"line":35,"column":3}},"line":32}},"branchMap":{},"s":{"0":1,"1":2,"2":1,"3":1,"4":1,"5":1,"6":1,"7":1,"8":1,"9":1},"f":{"0":2,"1":1},"b":{},"_coverageSchema":"1a1c01bbd47fc00a2c39e90264f33305004495a9","hash":"3886eb4d6604fd50ea4cd1b2b6c8154ca1a37629"}
,"/Users/chloem/RPP33/FEC-Team-Green/client/src/overview/components/Image/ImageContainer.jsx": {"path":"/Users/chloem/RPP33/FEC-Team-Green/client/src/overview/components/Image/ImageContainer.jsx","statementMap":{"0":{"start":{"line":3,"column":21},"end":{"line":14,"column":1}},"1":{"start":{"line":8,"column":2},"end":{"line":13,"column":4}}},"fnMap":{"0":{"name":"(anonymous_0)","decl":{"start":{"line":3,"column":21},"end":{"line":3,"column":22}},"loc":{"start":{"line":3,"column":38},"end":{"line":14,"column":1}},"line":3}},"branchMap":{},"s":{"0":1,"1":1},"f":{"0":1},"b":{},"_coverageSchema":"1a1c01bbd47fc00a2c39e90264f33305004495a9","hash":"3583c835071cb56e622cf095f2c35a01df7276f0"}
,"/Users/chloem/RPP33/FEC-Team-Green/client/src/overview/components/Image/ImageExpander.jsx": {"path":"/Users/chloem/RPP33/FEC-Team-Green/client/src/overview/components/Image/ImageExpander.jsx","statementMap":{"0":{"start":{"line":3,"column":20},"end":{"line":21,"column":1}},"1":{"start":{"line":7,"column":2},"end":{"line":7,"column":39}},"2":{"start":{"line":8,"column":2},"end":{"line":20,"column":3}},"3":{"start":{"line":9,"column":4},"end":{"line":13,"column":6}},"4":{"start":{"line":15,"column":4},"end":{"line":19,"column":6}}},"fnMap":{"0":{"name":"(anonymous_0)","decl":{"start":{"line":3,"column":20},"end":{"line":3,"column":21}},"loc":{"start":{"line":3,"column":37},"end":{"line":21,"column":1}},"line":3}},"branchMap":{"0":{"loc":{"start":{"line":8,"column":2},"end":{"line":20,"column":3}},"type":"if","locations":[{"start":{"line":8,"column":2},"end":{"line":20,"column":3}},{"start":{"line":14,"column":9},"end":{"line":20,"column":3}}],"line":8},"1":{"loc":{"start":{"line":8,"column":6},"end":{"line":8,"column":53}},"type":"binary-expr","locations":[{"start":{"line":8,"column":6},"end":{"line":8,"column":25}},{"start":{"line":8,"column":29},"end":{"line":8,"column":53}}],"line":8}},"s":{"0":1,"1":1,"2":1,"3":0,"4":1},"f":{"0":1},"b":{"0":[0,1],"1":[1,1]},"_coverageSchema":"1a1c01bbd47fc00a2c39e90264f33305004495a9","hash":"ca0a0fc2380365c1c667e9b69b90090c41f2ce64"}
,"/Users/chloem/RPP33/FEC-Team-Green/client/src/overview/components/details/ProductDescription.jsx": {"path":"/Users/chloem/RPP33/FEC-Team-Green/client/src/overview/components/details/ProductDescription.jsx","statementMap":{"0":{"start":{"line":10,"column":27},"end":{"line":32,"column":1}},"1":{"start":{"line":19,"column":2},"end":{"line":31,"column":4}}},"fnMap":{"0":{"name":"(anonymous_0)","decl":{"start":{"line":10,"column":27},"end":{"line":10,"column":28}},"loc":{"start":{"line":10,"column":37},"end":{"line":32,"column":1}},"line":10}},"branchMap":{},"s":{"0":1,"1":1},"f":{"0":1},"b":{},"_coverageSchema":"1a1c01bbd47fc00a2c39e90264f33305004495a9","hash":"a15485826ab26f96631deb7a0980c4f2625c97ad"}
,"/Users/chloem/RPP33/FEC-Team-Green/client/src/overview/components/details/ProductFeatureList.jsx": {"path":"/Users/chloem/RPP33/FEC-Team-Green/client/src/overview/components/details/ProductFeatureList.jsx","statementMap":{"0":{"start":{"line":11,"column":27},"end":{"line":22,"column":1}},"1":{"start":{"line":15,"column":2},"end":{"line":21,"column":4}}},"fnMap":{"0":{"name":"(anonymous_0)","decl":{"start":{"line":11,"column":27},"end":{"line":11,"column":28}},"loc":{"start":{"line":11,"column":37},"end":{"line":22,"column":1}},"line":11}},"branchMap":{},"s":{"0":1,"1":1},"f":{"0":1},"b":{},"_coverageSchema":"1a1c01bbd47fc00a2c39e90264f33305004495a9","hash":"ffa980b6a004bf14dba59ca69be6ef8e979a1753"}
,"/Users/chloem/RPP33/FEC-Team-Green/client/src/overview/components/details/ProductInformationContainer.jsx": {"path":"/Users/chloem/RPP33/FEC-Team-Green/client/src/overview/components/details/ProductInformationContainer.jsx","statementMap":{"0":{"start":{"line":3,"column":36},"end":{"line":48,"column":1}},"1":{"start":{"line":13,"column":2},"end":{"line":47,"column":3}},"2":{"start":{"line":14,"column":4},"end":{"line":29,"column":6}},"3":{"start":{"line":31,"column":4},"end":{"line":46,"column":6}}},"fnMap":{"0":{"name":"(anonymous_0)","decl":{"start":{"line":3,"column":36},"end":{"line":3,"column":37}},"loc":{"start":{"line":3,"column":47},"end":{"line":48,"column":1}},"line":3}},"branchMap":{"0":{"loc":{"start":{"line":13,"column":2},"end":{"line":47,"column":3}},"type":"if","locations":[{"start":{"line":13,"column":2},"end":{"line":47,"column":3}},{"start":{"line":30,"column":9},"end":{"line":47,"column":3}}],"line":13},"1":{"loc":{"start":{"line":13,"column":6},"end":{"line":13,"column":60}},"type":"binary-expr","locations":[{"start":{"line":13,"column":6},"end":{"line":13,"column":19}},{"start":{"line":13,"column":23},"end":{"line":13,"column":60}}],"line":13}},"s":{"0":1,"1":1,"2":0,"3":1},"f":{"0":1},"b":{"0":[0,1],"1":[1,0]},"_coverageSchema":"1a1c01bbd47fc00a2c39e90264f33305004495a9","hash":"d1911dc3b1213684cae1ede7034a185e8cbe7d84"}
,"/Users/chloem/RPP33/FEC-Team-Green/client/src/overview/components/product/AddToBagButton.jsx": {"path":"/Users/chloem/RPP33/FEC-Team-Green/client/src/overview/components/product/AddToBagButton.jsx","statementMap":{"0":{"start":{"line":5,"column":23},"end":{"line":18,"column":1}},"1":{"start":{"line":13,"column":2},"end":{"line":17,"column":4}}},"fnMap":{"0":{"name":"(anonymous_0)","decl":{"start":{"line":5,"column":23},"end":{"line":5,"column":24}},"loc":{"start":{"line":5,"column":34},"end":{"line":18,"column":1}},"line":5}},"branchMap":{},"s":{"0":1,"1":1},"f":{"0":1},"b":{},"_coverageSchema":"1a1c01bbd47fc00a2c39e90264f33305004495a9","hash":"5102b88e5bc46adc291bafa92d7b2bf4c060c60f"}
,"/Users/chloem/RPP33/FEC-Team-Green/client/src/overview/components/product/SelectOutfitButton.jsx": {"path":"/Users/chloem/RPP33/FEC-Team-Green/client/src/overview/components/product/SelectOutfitButton.jsx","statementMap":{"0":{"start":{"line":5,"column":27},"end":{"line":18,"column":1}},"1":{"start":{"line":13,"column":2},"end":{"line":17,"column":4}}},"fnMap":{"0":{"name":"(anonymous_0)","decl":{"start":{"line":5,"column":27},"end":{"line":5,"column":28}},"loc":{"start":{"line":5,"column":38},"end":{"line":18,"column":1}},"line":5}},"branchMap":{},"s":{"0":1,"1":1},"f":{"0":1},"b":{},"_coverageSchema":"1a1c01bbd47fc00a2c39e90264f33305004495a9","hash":"bd89b871e7ad64a887c6cad3cdda0eaa35b4a703"}
,"/Users/chloem/RPP33/FEC-Team-Green/client/src/overview/components/product/SelectProductContainer.jsx": {"path":"/Users/chloem/RPP33/FEC-Team-Green/client/src/overview/components/product/SelectProductContainer.jsx","statementMap":{"0":{"start":{"line":9,"column":31},"end":{"line":43,"column":1}},"1":{"start":{"line":21,"column":2},"end":{"line":21,"column":49}},"2":{"start":{"line":23,"column":14},"end":{"line":23,"column":16}},"3":{"start":{"line":24,"column":2},"end":{"line":26,"column":5}},"4":{"start":{"line":25,"column":4},"end":{"line":25,"column":124}},"5":{"start":{"line":27,"column":2},"end":{"line":27,"column":30}},"6":{"start":{"line":30,"column":2},"end":{"line":42,"column":4}}},"fnMap":{"0":{"name":"(anonymous_0)","decl":{"start":{"line":9,"column":31},"end":{"line":9,"column":32}},"loc":{"start":{"line":9,"column":42},"end":{"line":43,"column":1}},"line":9},"1":{"name":"(anonymous_1)","decl":{"start":{"line":24,"column":48},"end":{"line":24,"column":49}},"loc":{"start":{"line":24,"column":58},"end":{"line":26,"column":3}},"line":24}},"branchMap":{},"s":{"0":1,"1":1,"2":1,"3":1,"4":0,"5":1,"6":1},"f":{"0":1,"1":0},"b":{},"_coverageSchema":"1a1c01bbd47fc00a2c39e90264f33305004495a9","hash":"5045bd0974b19b1b08c29fa55d360c2ddb985eec"}
,"/Users/chloem/RPP33/FEC-Team-Green/client/src/overview/components/product/SelectQuantityDropdown.jsx": {"path":"/Users/chloem/RPP33/FEC-Team-Green/client/src/overview/components/product/SelectQuantityDropdown.jsx","statementMap":{"0":{"start":{"line":4,"column":31},"end":{"line":21,"column":1}},"1":{"start":{"line":15,"column":2},"end":{"line":20,"column":4}}},"fnMap":{"0":{"name":"(anonymous_0)","decl":{"start":{"line":4,"column":31},"end":{"line":4,"column":32}},"loc":{"start":{"line":4,"column":42},"end":{"line":21,"column":1}},"line":4}},"branchMap":{},"s":{"0":1,"1":1},"f":{"0":1},"b":{},"_coverageSchema":"1a1c01bbd47fc00a2c39e90264f33305004495a9","hash":"35ba23fc550f4a07b445842efb0d8d4b3dd98c08"}
,"/Users/chloem/RPP33/FEC-Team-Green/client/src/overview/components/product/SelectSizeDropdown.jsx": {"path":"/Users/chloem/RPP33/FEC-Team-Green/client/src/overview/components/product/SelectSizeDropdown.jsx","statementMap":{"0":{"start":{"line":4,"column":27},"end":{"line":28,"column":1}},"1":{"start":{"line":10,"column":16},"end":{"line":10,"column":18}},"2":{"start":{"line":12,"column":2},"end":{"line":12,"column":62}},"3":{"start":{"line":14,"column":18},"end":{"line":16,"column":4}},"4":{"start":{"line":15,"column":4},"end":{"line":15,"column":51}},"5":{"start":{"line":18,"column":2},"end":{"line":18,"column":37}},"6":{"start":{"line":21,"column":2},"end":{"line":27,"column":4}}},"fnMap":{"0":{"name":"(anonymous_0)","decl":{"start":{"line":4,"column":27},"end":{"line":4,"column":28}},"loc":{"start":{"line":4,"column":38},"end":{"line":28,"column":1}},"line":4},"1":{"name":"(anonymous_1)","decl":{"start":{"line":14,"column":47},"end":{"line":14,"column":48}},"loc":{"start":{"line":14,"column":57},"end":{"line":16,"column":3}},"line":14}},"branchMap":{},"s":{"0":1,"1":1,"2":1,"3":1,"4":0,"5":1,"6":1},"f":{"0":1,"1":0},"b":{},"_coverageSchema":"1a1c01bbd47fc00a2c39e90264f33305004495a9","hash":"9a14e8153dcb2b49c4f967993a65d0809f43ffdb"}
,"/Users/chloem/RPP33/FEC-Team-Green/client/src/overview/components/style/StyleList.jsx": {"path":"/Users/chloem/RPP33/FEC-Team-Green/client/src/overview/components/style/StyleList.jsx","statementMap":{"0":{"start":{"line":5,"column":18},"end":{"line":21,"column":1}},"1":{"start":{"line":12,"column":24},"end":{"line":14,"column":4}},"2":{"start":{"line":13,"column":4},"end":{"line":13,"column":105}},"3":{"start":{"line":15,"column":2},"end":{"line":20,"column":4}}},"fnMap":{"0":{"name":"(anonymous_0)","decl":{"start":{"line":5,"column":18},"end":{"line":5,"column":19}},"loc":{"start":{"line":5,"column":29},"end":{"line":21,"column":1}},"line":5},"1":{"name":"(anonymous_1)","decl":{"start":{"line":12,"column":44},"end":{"line":12,"column":45}},"loc":{"start":{"line":12,"column":53},"end":{"line":14,"column":3}},"line":12}},"branchMap":{},"s":{"0":1,"1":0,"2":0,"3":0},"f":{"0":0,"1":0},"b":{},"_coverageSchema":"1a1c01bbd47fc00a2c39e90264f33305004495a9","hash":"a4c543963ef565d2e82fd01ff88891c0a5518d62"}
,"/Users/chloem/RPP33/FEC-Team-Green/client/src/overview/components/style/StyleSelectorContainer.jsx": {"path":"/Users/chloem/RPP33/FEC-Team-Green/client/src/overview/components/style/StyleSelectorContainer.jsx","statementMap":{"0":{"start":{"line":5,"column":31},"end":{"line":40,"column":1}},"1":{"start":{"line":14,"column":2},"end":{"line":39,"column":3}},"2":{"start":{"line":15,"column":4},"end":{"line":27,"column":6}},"3":{"start":{"line":29,"column":4},"end":{"line":38,"column":6}}},"fnMap":{"0":{"name":"(anonymous_0)","decl":{"start":{"line":5,"column":31},"end":{"line":5,"column":32}},"loc":{"start":{"line":5,"column":42},"end":{"line":40,"column":1}},"line":5}},"branchMap":{"0":{"loc":{"start":{"line":14,"column":2},"end":{"line":39,"column":3}},"type":"if","locations":[{"start":{"line":14,"column":2},"end":{"line":39,"column":3}},{"start":{"line":28,"column":9},"end":{"line":39,"column":3}}],"line":14},"1":{"loc":{"start":{"line":14,"column":6},"end":{"line":14,"column":59}},"type":"binary-expr","locations":[{"start":{"line":14,"column":6},"end":{"line":14,"column":25}},{"start":{"line":14,"column":29},"end":{"line":14,"column":59}}],"line":14}},"s":{"0":1,"1":1,"2":0,"3":1},"f":{"0":1},"b":{"0":[0,1],"1":[1,0]},"_coverageSchema":"1a1c01bbd47fc00a2c39e90264f33305004495a9","hash":"44f17ab398cd2a518ef149d6a64852cdee489c9f"}
,"/Users/chloem/RPP33/FEC-Team-Green/client/src/overview/components/style/StyleThumbnail.jsx": {"path":"/Users/chloem/RPP33/FEC-Team-Green/client/src/overview/components/style/StyleThumbnail.jsx","statementMap":{"0":{"start":{"line":5,"column":23},"end":{"line":23,"column":1}},"1":{"start":{"line":11,"column":16},"end":{"line":14,"column":3}},"2":{"start":{"line":12,"column":4},"end":{"line":12,"column":27}},"3":{"start":{"line":13,"column":4},"end":{"line":13,"column":40}},"4":{"start":{"line":16,"column":2},"end":{"line":22,"column":4}}},"fnMap":{"0":{"name":"(anonymous_0)","decl":{"start":{"line":5,"column":23},"end":{"line":5,"column":24}},"loc":{"start":{"line":5,"column":34},"end":{"line":23,"column":1}},"line":5},"1":{"name":"(anonymous_1)","decl":{"start":{"line":11,"column":16},"end":{"line":11,"column":17}},"loc":{"start":{"line":11,"column":22},"end":{"line":14,"column":3}},"line":11}},"branchMap":{},"s":{"0":1,"1":0,"2":0,"3":0,"4":0},"f":{"0":0,"1":0},"b":{},"_coverageSchema":"1a1c01bbd47fc00a2c39e90264f33305004495a9","hash":"211cd59606091e78f00e5840ea3910f466595815"}
,"/Users/chloem/RPP33/FEC-Team-Green/client/src/qa/QA.jsx": {"path":"/Users/chloem/RPP33/FEC-Team-Green/client/src/qa/QA.jsx","statementMap":{"0":{"start":{"line":8,"column":11},"end":{"line":91,"column":1}},"1":{"start":{"line":10,"column":32},"end":{"line":10,"column":44}},"2":{"start":{"line":11,"column":42},"end":{"line":11,"column":54}},"3":{"start":{"line":12,"column":30},"end":{"line":12,"column":41}},"4":{"start":{"line":13,"column":54},"end":{"line":13,"column":69}},"5":{"start":{"line":16,"column":2},"end":{"line":40,"column":9}},"6":{"start":{"line":17,"column":18},"end":{"line":17,"column":20}},"7":{"start":{"line":18,"column":15},"end":{"line":18,"column":16}},"8":{"start":{"line":19,"column":20},"end":{"line":19,"column":22}},"9":{"start":{"line":21,"column":28},"end":{"line":37,"column":5}},"10":{"start":{"line":22,"column":6},"end":{"line":36,"column":11}},"11":{"start":{"line":24,"column":10},"end":{"line":24,"column":62}},"12":{"start":{"line":25,"column":10},"end":{"line":32,"column":11}},"13":{"start":{"line":26,"column":12},"end":{"line":26,"column":19}},"14":{"start":{"line":27,"column":12},"end":{"line":27,"column":30}},"15":{"start":{"line":29,"column":12},"end":{"line":29,"column":34}},"16":{"start":{"line":30,"column":12},"end":{"line":30,"column":39}},"17":{"start":{"line":31,"column":12},"end":{"line":31,"column":19}},"18":{"start":{"line":35,"column":10},"end":{"line":35,"column":57}},"19":{"start":{"line":39,"column":4},"end":{"line":39,"column":22}},"20":{"start":{"line":43,"column":2},"end":{"line":49,"column":5}},"21":{"start":{"line":44,"column":4},"end":{"line":48,"column":5}},"22":{"start":{"line":45,"column":6},"end":{"line":45,"column":34}},"23":{"start":{"line":47,"column":6},"end":{"line":47,"column":35}},"24":{"start":{"line":52,"column":33},"end":{"line":54,"column":3}},"25":{"start":{"line":53,"column":4},"end":{"line":53,"column":26}},"26":{"start":{"line":57,"column":21},"end":{"line":76,"column":3}},"27":{"start":{"line":59,"column":4},"end":{"line":75,"column":5}},"28":{"start":{"line":60,"column":20},"end":{"line":60,"column":39}},"29":{"start":{"line":61,"column":20},"end":{"line":61,"column":22}},"30":{"start":{"line":63,"column":6},"end":{"line":69,"column":7}},"31":{"start":{"line":63,"column":19},"end":{"line":63,"column":20}},"32":{"start":{"line":64,"column":25},"end":{"line":64,"column":63}},"33":{"start":{"line":66,"column":8},"end":{"line":68,"column":9}},"34":{"start":{"line":67,"column":10},"end":{"line":67,"column":47}},"35":{"start":{"line":71,"column":6},"end":{"line":71,"column":31}},"36":{"start":{"line":74,"column":6},"end":{"line":74,"column":31}},"37":{"start":{"line":78,"column":2},"end":{"line":90,"column":4}}},"fnMap":{"0":{"name":"(anonymous_0)","decl":{"start":{"line":8,"column":11},"end":{"line":8,"column":12}},"loc":{"start":{"line":8,"column":22},"end":{"line":91,"column":1}},"line":8},"1":{"name":"(anonymous_1)","decl":{"start":{"line":16,"column":12},"end":{"line":16,"column":13}},"loc":{"start":{"line":16,"column":18},"end":{"line":40,"column":3}},"line":16},"2":{"name":"(anonymous_2)","decl":{"start":{"line":21,"column":28},"end":{"line":21,"column":29}},"loc":{"start":{"line":21,"column":34},"end":{"line":37,"column":5}},"line":21},"3":{"name":"(anonymous_3)","decl":{"start":{"line":23,"column":14},"end":{"line":23,"column":15}},"loc":{"start":{"line":23,"column":28},"end":{"line":33,"column":9}},"line":23},"4":{"name":"(anonymous_4)","decl":{"start":{"line":34,"column":15},"end":{"line":34,"column":16}},"loc":{"start":{"line":34,"column":26},"end":{"line":36,"column":9}},"line":34},"5":{"name":"(anonymous_5)","decl":{"start":{"line":43,"column":12},"end":{"line":43,"column":13}},"loc":{"start":{"line":43,"column":18},"end":{"line":49,"column":3}},"line":43},"6":{"name":"(anonymous_6)","decl":{"start":{"line":52,"column":33},"end":{"line":52,"column":34}},"loc":{"start":{"line":52,"column":39},"end":{"line":54,"column":3}},"line":52},"7":{"name":"(anonymous_7)","decl":{"start":{"line":57,"column":21},"end":{"line":57,"column":22}},"loc":{"start":{"line":57,"column":32},"end":{"line":76,"column":3}},"line":57}},"branchMap":{"0":{"loc":{"start":{"line":25,"column":10},"end":{"line":32,"column":11}},"type":"if","locations":[{"start":{"line":25,"column":10},"end":{"line":32,"column":11}},{"start":{"line":28,"column":17},"end":{"line":32,"column":11}}],"line":25},"1":{"loc":{"start":{"line":44,"column":4},"end":{"line":48,"column":5}},"type":"if","locations":[{"start":{"line":44,"column":4},"end":{"line":48,"column":5}},{"start":{"line":46,"column":11},"end":{"line":48,"column":5}}],"line":44},"2":{"loc":{"start":{"line":59,"column":4},"end":{"line":75,"column":5}},"type":"if","locations":[{"start":{"line":59,"column":4},"end":{"line":75,"column":5}},{"start":{"line":72,"column":11},"end":{"line":75,"column":5}}],"line":59},"3":{"loc":{"start":{"line":66,"column":8},"end":{"line":68,"column":9}},"type":"if","locations":[{"start":{"line":66,"column":8},"end":{"line":68,"column":9}},{"start":{},"end":{}}],"line":66},"4":{"loc":{"start":{"line":86,"column":9},"end":{"line":86,"column":110}},"type":"cond-expr","locations":[{"start":{"line":86,"column":30},"end":{"line":86,"column":103}},{"start":{"line":86,"column":106},"end":{"line":86,"column":110}}],"line":86}},"s":{"0":3,"1":2,"2":2,"3":2,"4":2,"5":2,"6":2,"7":2,"8":2,"9":2,"10":2,"11":0,"12":0,"13":0,"14":0,"15":0,"16":0,"17":0,"18":0,"19":2,"20":2,"21":2,"22":0,"23":2,"24":2,"25":0,"26":2,"27":0,"28":0,"29":0,"30":0,"31":0,"32":0,"33":0,"34":0,"35":0,"36":0,"37":2},"f":{"0":2,"1":2,"2":2,"3":0,"4":0,"5":2,"6":0,"7":0},"b":{"0":[0,0],"1":[0,2],"2":[0,0],"3":[0,0],"4":[0,2]},"_coverageSchema":"1a1c01bbd47fc00a2c39e90264f33305004495a9","hash":"3aef730977048a0e3564275efc4f04894b21df47"}
,"/Users/chloem/RPP33/FEC-Team-Green/client/src/qa/components/AddAQuestionButton.jsx": {"path":"/Users/chloem/RPP33/FEC-Team-Green/client/src/qa/components/AddAQuestionButton.jsx","statementMap":{"0":{"start":{"line":13,"column":27},"end":{"line":18,"column":1}},"1":{"start":{"line":15,"column":2},"end":{"line":17,"column":4}}},"fnMap":{"0":{"name":"(anonymous_0)","decl":{"start":{"line":13,"column":27},"end":{"line":13,"column":28}},"loc":{"start":{"line":13,"column":33},"end":{"line":18,"column":1}},"line":13}},"branchMap":{},"s":{"0":3,"1":2},"f":{"0":2},"b":{},"_coverageSchema":"1a1c01bbd47fc00a2c39e90264f33305004495a9","hash":"7782484322422dce8e0428f81a09df02723b726a"}
,"/Users/chloem/RPP33/FEC-Team-Green/client/src/qa/components/AddAnswerLink.jsx": {"path":"/Users/chloem/RPP33/FEC-Team-Green/client/src/qa/components/AddAnswerLink.jsx","statementMap":{"0":{"start":{"line":4,"column":22},"end":{"line":24,"column":1}},"1":{"start":{"line":13,"column":22},"end":{"line":16,"column":3}},"2":{"start":{"line":14,"column":4},"end":{"line":14,"column":27}},"3":{"start":{"line":15,"column":4},"end":{"line":15,"column":43}},"4":{"start":{"line":21,"column":2},"end":{"line":23,"column":4}}},"fnMap":{"0":{"name":"(anonymous_0)","decl":{"start":{"line":4,"column":22},"end":{"line":4,"column":23}},"loc":{"start":{"line":4,"column":28},"end":{"line":24,"column":1}},"line":4},"1":{"name":"(anonymous_1)","decl":{"start":{"line":13,"column":22},"end":{"line":13,"column":23}},"loc":{"start":{"line":13,"column":33},"end":{"line":16,"column":3}},"line":13}},"branchMap":{},"s":{"0":5,"1":17,"2":0,"3":0,"4":17},"f":{"0":17,"1":0},"b":{},"_coverageSchema":"1a1c01bbd47fc00a2c39e90264f33305004495a9","hash":"82ce5cb74c3a357a5324c1fa107e12f24351a83e"}
,"/Users/chloem/RPP33/FEC-Team-Green/client/src/qa/components/AnswersList.jsx": {"path":"/Users/chloem/RPP33/FEC-Team-Green/client/src/qa/components/AnswersList.jsx","statementMap":{"0":{"start":{"line":4,"column":20},"end":{"line":18,"column":1}},"1":{"start":{"line":6,"column":18},"end":{"line":10,"column":3}},"2":{"start":{"line":7,"column":4},"end":{"line":9,"column":23}},"3":{"start":{"line":13,"column":2},"end":{"line":17,"column":4}}},"fnMap":{"0":{"name":"(anonymous_0)","decl":{"start":{"line":4,"column":20},"end":{"line":4,"column":21}},"loc":{"start":{"line":4,"column":31},"end":{"line":18,"column":1}},"line":4},"1":{"name":"(anonymous_1)","decl":{"start":{"line":6,"column":36},"end":{"line":6,"column":37}},"loc":{"start":{"line":7,"column":4},"end":{"line":9,"column":23}},"line":7}},"branchMap":{},"s":{"0":6,"1":20,"2":5,"3":20},"f":{"0":20,"1":5},"b":{},"_coverageSchema":"1a1c01bbd47fc00a2c39e90264f33305004495a9","hash":"bff891b219b1fa3e21ece2079208cb4b3227a5ee"}
,"/Users/chloem/RPP33/FEC-Team-Green/client/src/qa/components/IndividualAnswer.jsx": {"path":"/Users/chloem/RPP33/FEC-Team-Green/client/src/qa/components/IndividualAnswer.jsx","statementMap":{"0":{"start":{"line":4,"column":25},"end":{"line":54,"column":1}},"1":{"start":{"line":8,"column":52},"end":{"line":8,"column":67}},"2":{"start":{"line":9,"column":44},"end":{"line":9,"column":78}},"3":{"start":{"line":13,"column":29},"end":{"line":27,"column":3}},"4":{"start":{"line":14,"column":4},"end":{"line":14,"column":27}},"5":{"start":{"line":15,"column":4},"end":{"line":26,"column":5}},"6":{"start":{"line":16,"column":6},"end":{"line":23,"column":11}},"7":{"start":{"line":18,"column":10},"end":{"line":18,"column":46}},"8":{"start":{"line":19,"column":10},"end":{"line":19,"column":37}},"9":{"start":{"line":22,"column":10},"end":{"line":22,"column":57}},"10":{"start":{"line":25,"column":6},"end":{"line":25,"column":52}},"11":{"start":{"line":32,"column":21},"end":{"line":42,"column":3}},"12":{"start":{"line":35,"column":17},"end":{"line":35,"column":44}},"13":{"start":{"line":37,"column":4},"end":{"line":41,"column":7}},"14":{"start":{"line":47,"column":2},"end":{"line":52,"column":4}}},"fnMap":{"0":{"name":"(anonymous_0)","decl":{"start":{"line":4,"column":25},"end":{"line":4,"column":26}},"loc":{"start":{"line":4,"column":36},"end":{"line":54,"column":1}},"line":4},"1":{"name":"(anonymous_1)","decl":{"start":{"line":13,"column":29},"end":{"line":13,"column":30}},"loc":{"start":{"line":13,"column":40},"end":{"line":27,"column":3}},"line":13},"2":{"name":"(anonymous_2)","decl":{"start":{"line":17,"column":14},"end":{"line":17,"column":15}},"loc":{"start":{"line":17,"column":28},"end":{"line":20,"column":9}},"line":17},"3":{"name":"(anonymous_3)","decl":{"start":{"line":21,"column":15},"end":{"line":21,"column":16}},"loc":{"start":{"line":21,"column":26},"end":{"line":23,"column":9}},"line":21},"4":{"name":"(anonymous_4)","decl":{"start":{"line":32,"column":21},"end":{"line":32,"column":22}},"loc":{"start":{"line":32,"column":27},"end":{"line":42,"column":3}},"line":32}},"branchMap":{"0":{"loc":{"start":{"line":15,"column":4},"end":{"line":26,"column":5}},"type":"if","locations":[{"start":{"line":15,"column":4},"end":{"line":26,"column":5}},{"start":{"line":24,"column":11},"end":{"line":26,"column":5}}],"line":15}},"s":{"0":6,"1":5,"2":5,"3":5,"4":0,"5":0,"6":0,"7":0,"8":0,"9":0,"10":0,"11":5,"12":5,"13":5,"14":5},"f":{"0":5,"1":0,"2":0,"3":0,"4":5},"b":{"0":[0,0]},"_coverageSchema":"1a1c01bbd47fc00a2c39e90264f33305004495a9","hash":"eedd01743a60343dcd11dd746f9158a34c88e171"}
,"/Users/chloem/RPP33/FEC-Team-Green/client/src/qa/components/IndividualQuestion.jsx": {"path":"/Users/chloem/RPP33/FEC-Team-Green/client/src/qa/components/IndividualQuestion.jsx","statementMap":{"0":{"start":{"line":7,"column":27},"end":{"line":102,"column":1}},"1":{"start":{"line":11,"column":32},"end":{"line":11,"column":44}},"2":{"start":{"line":12,"column":30},"end":{"line":12,"column":41}},"3":{"start":{"line":13,"column":58},"end":{"line":13,"column":73}},"4":{"start":{"line":14,"column":52},"end":{"line":14,"column":67}},"5":{"start":{"line":15,"column":44},"end":{"line":15,"column":89}},"6":{"start":{"line":18,"column":2},"end":{"line":53,"column":9}},"7":{"start":{"line":19,"column":18},"end":{"line":19,"column":20}},"8":{"start":{"line":20,"column":15},"end":{"line":20,"column":16}},"9":{"start":{"line":21,"column":18},"end":{"line":21,"column":20}},"10":{"start":{"line":23,"column":26},"end":{"line":50,"column":5}},"11":{"start":{"line":24,"column":6},"end":{"line":49,"column":11}},"12":{"start":{"line":26,"column":10},"end":{"line":26,"column":58}},"13":{"start":{"line":27,"column":10},"end":{"line":45,"column":11}},"14":{"start":{"line":28,"column":12},"end":{"line":28,"column":19}},"15":{"start":{"line":29,"column":12},"end":{"line":29,"column":28}},"16":{"start":{"line":32,"column":12},"end":{"line":42,"column":13}},"17":{"start":{"line":32,"column":25},"end":{"line":32,"column":26}},"18":{"start":{"line":34,"column":14},"end":{"line":41,"column":15}},"19":{"start":{"line":36,"column":29},"end":{"line":36,"column":39}},"20":{"start":{"line":38,"column":16},"end":{"line":38,"column":37}},"21":{"start":{"line":40,"column":16},"end":{"line":40,"column":40}},"22":{"start":{"line":43,"column":12},"end":{"line":43,"column":32}},"23":{"start":{"line":44,"column":12},"end":{"line":44,"column":19}},"24":{"start":{"line":48,"column":10},"end":{"line":48,"column":49}},"25":{"start":{"line":52,"column":4},"end":{"line":52,"column":20}},"26":{"start":{"line":56,"column":2},"end":{"line":62,"column":5}},"27":{"start":{"line":57,"column":4},"end":{"line":61,"column":5}},"28":{"start":{"line":58,"column":6},"end":{"line":58,"column":36}},"29":{"start":{"line":60,"column":6},"end":{"line":60,"column":37}},"30":{"start":{"line":65,"column":29},"end":{"line":67,"column":3}},"31":{"start":{"line":66,"column":4},"end":{"line":66,"column":26}},"32":{"start":{"line":70,"column":29},"end":{"line":84,"column":3}},"33":{"start":{"line":71,"column":4},"end":{"line":71,"column":27}},"34":{"start":{"line":72,"column":4},"end":{"line":83,"column":5}},"35":{"start":{"line":73,"column":6},"end":{"line":80,"column":11}},"36":{"start":{"line":75,"column":10},"end":{"line":75,"column":46}},"37":{"start":{"line":76,"column":10},"end":{"line":76,"column":37}},"38":{"start":{"line":79,"column":10},"end":{"line":79,"column":58}},"39":{"start":{"line":82,"column":6},"end":{"line":82,"column":54}},"40":{"start":{"line":89,"column":2},"end":{"line":100,"column":4}}},"fnMap":{"0":{"name":"(anonymous_0)","decl":{"start":{"line":7,"column":27},"end":{"line":7,"column":28}},"loc":{"start":{"line":7,"column":38},"end":{"line":102,"column":1}},"line":7},"1":{"name":"(anonymous_1)","decl":{"start":{"line":18,"column":12},"end":{"line":18,"column":13}},"loc":{"start":{"line":18,"column":18},"end":{"line":53,"column":3}},"line":18},"2":{"name":"(anonymous_2)","decl":{"start":{"line":23,"column":26},"end":{"line":23,"column":27}},"loc":{"start":{"line":23,"column":32},"end":{"line":50,"column":5}},"line":23},"3":{"name":"(anonymous_3)","decl":{"start":{"line":25,"column":14},"end":{"line":25,"column":15}},"loc":{"start":{"line":25,"column":28},"end":{"line":46,"column":9}},"line":25},"4":{"name":"(anonymous_4)","decl":{"start":{"line":47,"column":15},"end":{"line":47,"column":16}},"loc":{"start":{"line":47,"column":26},"end":{"line":49,"column":9}},"line":47},"5":{"name":"(anonymous_5)","decl":{"start":{"line":56,"column":12},"end":{"line":56,"column":13}},"loc":{"start":{"line":56,"column":18},"end":{"line":62,"column":3}},"line":56},"6":{"name":"(anonymous_6)","decl":{"start":{"line":65,"column":29},"end":{"line":65,"column":30}},"loc":{"start":{"line":65,"column":35},"end":{"line":67,"column":3}},"line":65},"7":{"name":"(anonymous_7)","decl":{"start":{"line":70,"column":29},"end":{"line":70,"column":30}},"loc":{"start":{"line":70,"column":40},"end":{"line":84,"column":3}},"line":70},"8":{"name":"(anonymous_8)","decl":{"start":{"line":74,"column":14},"end":{"line":74,"column":15}},"loc":{"start":{"line":74,"column":28},"end":{"line":77,"column":9}},"line":74},"9":{"name":"(anonymous_9)","decl":{"start":{"line":78,"column":15},"end":{"line":78,"column":16}},"loc":{"start":{"line":78,"column":26},"end":{"line":80,"column":9}},"line":78}},"branchMap":{"0":{"loc":{"start":{"line":27,"column":10},"end":{"line":45,"column":11}},"type":"if","locations":[{"start":{"line":27,"column":10},"end":{"line":45,"column":11}},{"start":{"line":30,"column":17},"end":{"line":45,"column":11}}],"line":27},"1":{"loc":{"start":{"line":34,"column":14},"end":{"line":41,"column":15}},"type":"if","locations":[{"start":{"line":34,"column":14},"end":{"line":41,"column":15}},{"start":{},"end":{}}],"line":34},"2":{"loc":{"start":{"line":57,"column":4},"end":{"line":61,"column":5}},"type":"if","locations":[{"start":{"line":57,"column":4},"end":{"line":61,"column":5}},{"start":{"line":59,"column":11},"end":{"line":61,"column":5}}],"line":57},"3":{"loc":{"start":{"line":72,"column":4},"end":{"line":83,"column":5}},"type":"if","locations":[{"start":{"line":72,"column":4},"end":{"line":83,"column":5}},{"start":{"line":81,"column":11},"end":{"line":83,"column":5}}],"line":72},"4":{"loc":{"start":{"line":97,"column":9},"end":{"line":97,"column":109}},"type":"cond-expr","locations":[{"start":{"line":97,"column":32},"end":{"line":97,"column":102}},{"start":{"line":97,"column":105},"end":{"line":97,"column":109}}],"line":97}},"s":{"0":5,"1":17,"2":17,"3":17,"4":17,"5":17,"6":17,"7":17,"8":17,"9":17,"10":17,"11":17,"12":0,"13":0,"14":0,"15":0,"16":0,"17":0,"18":0,"19":0,"20":0,"21":0,"22":0,"23":0,"24":0,"25":17,"26":17,"27":17,"28":0,"29":17,"30":17,"31":0,"32":17,"33":0,"34":0,"35":0,"36":0,"37":0,"38":0,"39":0,"40":17},"f":{"0":17,"1":17,"2":17,"3":0,"4":0,"5":17,"6":0,"7":0,"8":0,"9":0},"b":{"0":[0,0],"1":[0,0],"2":[0,17],"3":[0,0],"4":[0,17]},"_coverageSchema":"1a1c01bbd47fc00a2c39e90264f33305004495a9","hash":"67a18f506fd16b3b7099ff2d3444777b721ba0f8"}
,"/Users/chloem/RPP33/FEC-Team-Green/client/src/qa/components/QuestionsList.jsx": {"path":"/Users/chloem/RPP33/FEC-Team-Green/client/src/qa/components/QuestionsList.jsx","statementMap":{"0":{"start":{"line":4,"column":22},"end":{"line":18,"column":1}},"1":{"start":{"line":6,"column":20},"end":{"line":10,"column":3}},"2":{"start":{"line":7,"column":4},"end":{"line":9,"column":27}},"3":{"start":{"line":13,"column":2},"end":{"line":17,"column":4}}},"fnMap":{"0":{"name":"(anonymous_0)","decl":{"start":{"line":4,"column":22},"end":{"line":4,"column":23}},"loc":{"start":{"line":4,"column":33},"end":{"line":18,"column":1}},"line":4},"1":{"name":"(anonymous_1)","decl":{"start":{"line":6,"column":40},"end":{"line":6,"column":41}},"loc":{"start":{"line":7,"column":4},"end":{"line":9,"column":27}},"line":7}},"branchMap":{},"s":{"0":4,"1":5,"2":13,"3":5},"f":{"0":5,"1":13},"b":{},"_coverageSchema":"1a1c01bbd47fc00a2c39e90264f33305004495a9","hash":"aa47ac60e77a03851e65c3557b889ed1781ee882"}
,"/Users/chloem/RPP33/FEC-Team-Green/client/src/qa/components/Search.jsx": {"path":"/Users/chloem/RPP33/FEC-Team-Green/client/src/qa/components/Search.jsx","statementMap":{"0":{"start":{"line":3,"column":15},"end":{"line":23,"column":1}},"1":{"start":{"line":9,"column":23},"end":{"line":11,"column":3}},"2":{"start":{"line":10,"column":4},"end":{"line":10,"column":41}},"3":{"start":{"line":13,"column":2},"end":{"line":22,"column":4}}},"fnMap":{"0":{"name":"(anonymous_0)","decl":{"start":{"line":3,"column":15},"end":{"line":3,"column":16}},"loc":{"start":{"line":3,"column":26},"end":{"line":23,"column":1}},"line":3},"1":{"name":"(anonymous_1)","decl":{"start":{"line":9,"column":23},"end":{"line":9,"column":24}},"loc":{"start":{"line":9,"column":34},"end":{"line":11,"column":3}},"line":9}},"branchMap":{},"s":{"0":3,"1":2,"2":0,"3":2},"f":{"0":2,"1":0},"b":{},"_coverageSchema":"1a1c01bbd47fc00a2c39e90264f33305004495a9","hash":"1d0c10f022321cce58553d534613474e1e887c98"}
,"/Users/chloem/RPP33/FEC-Team-Green/client/src/reviews/exampleData.js": {"path":"/Users/chloem/RPP33/FEC-Team-Green/client/src/reviews/exampleData.js","statementMap":{"0":{"start":{"line":1,"column":19},"end":{"line":64,"column":1}}},"fnMap":{},"branchMap":{},"s":{"0":1},"f":{},"b":{},"_coverageSchema":"1a1c01bbd47fc00a2c39e90264f33305004495a9","hash":"ef5adf222377fdb8420a74afbb8350b09bff1c33"}
,"/Users/chloem/RPP33/FEC-Team-Green/client/src/reviews/individualReview.jsx": {"path":"/Users/chloem/RPP33/FEC-Team-Green/client/src/reviews/individualReview.jsx","statementMap":{"0":{"start":{"line":6,"column":4},"end":{"line":6,"column":17}},"1":{"start":{"line":7,"column":4},"end":{"line":9,"column":6}},"2":{"start":{"line":10,"column":4},"end":{"line":10,"column":49}},"3":{"start":{"line":15,"column":4},"end":{"line":15,"column":61}},"4":{"start":{"line":19,"column":4},"end":{"line":25,"column":5}},"5":{"start":{"line":20,"column":17},"end":{"line":20,"column":70}},"6":{"start":{"line":21,"column":6},"end":{"line":24,"column":9}},"7":{"start":{"line":22,"column":8},"end":{"line":22,"column":40}},"8":{"start":{"line":23,"column":8},"end":{"line":23,"column":45}},"9":{"start":{"line":29,"column":17},"end":{"line":29,"column":34}},"10":{"start":{"line":30,"column":18},"end":{"line":30,"column":32}},"11":{"start":{"line":31,"column":21},"end":{"line":31,"column":25}},"12":{"start":{"line":32,"column":19},"end":{"line":32,"column":35}},"13":{"start":{"line":33,"column":4},"end":{"line":35,"column":5}},"14":{"start":{"line":34,"column":6},"end":{"line":34,"column":49}},"15":{"start":{"line":37,"column":21},"end":{"line":37,"column":32}},"16":{"start":{"line":40,"column":4},"end":{"line":48,"column":5}},"17":{"start":{"line":41,"column":6},"end":{"line":41,"column":48}},"18":{"start":{"line":42,"column":6},"end":{"line":45,"column":13}},"19":{"start":{"line":44,"column":39},"end":{"line":44,"column":78}},"20":{"start":{"line":47,"column":6},"end":{"line":47,"column":43}},"21":{"start":{"line":50,"column":20},"end":{"line":50,"column":24}},"22":{"start":{"line":51,"column":4},"end":{"line":53,"column":5}},"23":{"start":{"line":52,"column":6},"end":{"line":52,"column":54}},"24":{"start":{"line":55,"column":19},"end":{"line":55,"column":23}},"25":{"start":{"line":56,"column":4},"end":{"line":61,"column":5}},"26":{"start":{"line":57,"column":6},"end":{"line":60,"column":13}},"27":{"start":{"line":64,"column":4},"end":{"line":96,"column":6}},"28":{"start":{"line":77,"column":12},"end":{"line":79,"column":14}},"29":{"start":{"line":88,"column":12},"end":{"line":88,"column":33}}},"fnMap":{"0":{"name":"(anonymous_0)","decl":{"start":{"line":5,"column":2},"end":{"line":5,"column":3}},"loc":{"start":{"line":5,"column":21},"end":{"line":11,"column":3}},"line":5},"1":{"name":"(anonymous_1)","decl":{"start":{"line":13,"column":2},"end":{"line":13,"column":3}},"loc":{"start":{"line":13,"column":35},"end":{"line":16,"column":3}},"line":13},"2":{"name":"(anonymous_2)","decl":{"start":{"line":18,"column":2},"end":{"line":18,"column":3}},"loc":{"start":{"line":18,"column":23},"end":{"line":26,"column":3}},"line":18},"3":{"name":"(anonymous_3)","decl":{"start":{"line":21,"column":27},"end":{"line":21,"column":28}},"loc":{"start":{"line":21,"column":33},"end":{"line":24,"column":7}},"line":21},"4":{"name":"(anonymous_4)","decl":{"start":{"line":28,"column":2},"end":{"line":28,"column":3}},"loc":{"start":{"line":28,"column":11},"end":{"line":97,"column":3}},"line":28},"5":{"name":"(anonymous_5)","decl":{"start":{"line":44,"column":31},"end":{"line":44,"column":32}},"loc":{"start":{"line":44,"column":37},"end":{"line":44,"column":80}},"line":44},"6":{"name":"(anonymous_6)","decl":{"start":{"line":74,"column":29},"end":{"line":74,"column":30}},"loc":{"start":{"line":74,"column":39},"end":{"line":80,"column":11}},"line":74},"7":{"name":"(anonymous_7)","decl":{"start":{"line":87,"column":32},"end":{"line":87,"column":33}},"loc":{"start":{"line":87,"column":38},"end":{"line":89,"column":11}},"line":87}},"branchMap":{"0":{"loc":{"start":{"line":19,"column":4},"end":{"line":25,"column":5}},"type":"if","locations":[{"start":{"line":19,"column":4},"end":{"line":25,"column":5}},{"start":{},"end":{}}],"line":19},"1":{"loc":{"start":{"line":33,"column":4},"end":{"line":35,"column":5}},"type":"if","locations":[{"start":{"line":33,"column":4},"end":{"line":35,"column":5}},{"start":{},"end":{}}],"line":33},"2":{"loc":{"start":{"line":40,"column":4},"end":{"line":48,"column":5}},"type":"if","locations":[{"start":{"line":40,"column":4},"end":{"line":48,"column":5}},{"start":{"line":46,"column":11},"end":{"line":48,"column":5}}],"line":40},"3":{"loc":{"start":{"line":51,"column":4},"end":{"line":53,"column":5}},"type":"if","locations":[{"start":{"line":51,"column":4},"end":{"line":53,"column":5}},{"start":{},"end":{}}],"line":51},"4":{"loc":{"start":{"line":56,"column":4},"end":{"line":61,"column":5}},"type":"if","locations":[{"start":{"line":56,"column":4},"end":{"line":61,"column":5}},{"start":{},"end":{}}],"line":56}},"s":{"0":5,"1":5,"2":5,"3":0,"4":0,"5":0,"6":0,"7":0,"8":0,"9":5,"10":5,"11":5,"12":5,"13":5,"14":0,"15":5,"16":5,"17":2,"18":2,"19":0,"20":3,"21":5,"22":5,"23":2,"24":5,"25":5,"26":1,"27":5,"28":12,"29":0},"f":{"0":5,"1":0,"2":0,"3":0,"4":5,"5":0,"6":12,"7":0},"b":{"0":[0,0],"1":[0,5],"2":[2,3],"3":[2,3],"4":[1,4]},"_coverageSchema":"1a1c01bbd47fc00a2c39e90264f33305004495a9","hash":"bf3d001afe3d845c2324331676955bcce1f88b41"}
}
