TN:
SF:client/src/config/styleMock.js
FNF:0
FNH:0
DA:1,1
DA:2,1
LF:2
LH:2
BRF:0
BRH:0
end_of_record
TN:
SF:client/src/data/exampleProductData.js
FNF:0
FNH:0
DA:1,1
LF:1
LH:1
BRF:0
BRH:0
end_of_record
TN:
SF:client/src/data/exampleStyleData.js
FNF:0
FNH:0
DA:1,1
LF:1
LH:1
BRF:0
BRH:0
end_of_record
TN:
SF:client/src/overview/overview.jsx
FN:12,(anonymous_0)
FN:30,(anonymous_1)
FNF:2
FNH:0
FNDA:0,(anonymous_0)
FNDA:0,(anonymous_1)
DA:12,1
DA:20,0
DA:23,0
DA:26,0
DA:30,0
DA:32,0
DA:38,0
LF:7
LH:1
BRDA:32,0,0,0
BRDA:32,0,1,0
BRF:2
BRH:0
end_of_record
TN:
SF:client/src/overview/components/Image/ImageContainer.jsx
FN:3,(anonymous_0)
FNF:1
FNH:0
FNDA:0,(anonymous_0)
DA:3,1
DA:8,0
LF:2
LH:1
BRF:0
BRH:0
end_of_record
TN:
SF:client/src/overview/components/Image/ImageExpander.jsx
FN:3,(anonymous_0)
FNF:1
FNH:1
FNDA:1,(anonymous_0)
DA:3,1
DA:8,1
DA:9,0
DA:15,1
LF:4
LH:3
BRDA:8,0,0,0
BRDA:8,0,1,1
BRDA:8,1,0,1
BRDA:8,1,1,0
BRF:4
BRH:2
end_of_record
TN:
SF:client/src/overview/components/details/ProductDescription.jsx
FN:10,(anonymous_0)
FNF:1
FNH:1
FNDA:1,(anonymous_0)
DA:10,1
DA:20,1
LF:2
LH:2
BRDA:23,0,0,0
BRDA:23,0,1,1
BRDA:26,1,0,0
BRDA:26,1,1,1
BRF:4
BRH:2
end_of_record
TN:
SF:client/src/overview/components/details/ProductFeatureList.jsx
FN:11,(anonymous_0)
FNF:1
FNH:1
FNDA:1,(anonymous_0)
DA:11,1
DA:15,1
LF:2
LH:2
BRF:0
BRH:0
end_of_record
TN:
SF:client/src/overview/components/details/ProductInformationContainer.jsx
FN:3,(anonymous_0)
FNF:1
FNH:1
FNDA:1,(anonymous_0)
DA:3,1
DA:13,1
DA:14,0
DA:29,1
LF:4
LH:3
BRDA:13,0,0,0
BRDA:13,0,1,1
BRDA:13,1,0,1
BRDA:13,1,1,0
BRDA:18,2,0,0
BRDA:18,2,1,0
BRDA:21,3,0,0
BRDA:21,3,1,0
BRDA:23,4,0,0
BRDA:23,4,1,0
BRF:10
BRH:2
end_of_record
TN:
SF:client/src/overview/components/product/AddToBagButton.jsx
FN:5,(anonymous_0)
FNF:1
FNH:1
FNDA:13,(anonymous_0)
DA:5,1
DA:13,13
LF:2
LH:2
BRF:0
BRH:0
end_of_record
TN:
SF:client/src/overview/components/product/SelectOutfitButton.jsx
FN:5,(anonymous_0)
FNF:1
FNH:1
FNDA:13,(anonymous_0)
DA:5,1
DA:13,13
LF:2
LH:2
BRF:0
BRH:0
end_of_record
TN:
SF:client/src/overview/components/product/SelectProductContainer.jsx
FN:9,(anonymous_0)
FN:26,(anonymous_1)
FNF:2
FNH:2
FNDA:13,(anonymous_0)
FNDA:143,(anonymous_1)
DA:9,1
DA:20,13
DA:23,13
DA:24,13
DA:26,13
DA:27,143
DA:31,13
LF:7
LH:7
BRDA:24,0,0,13
BRDA:24,0,1,0
BRF:2
BRH:1
end_of_record
TN:
SF:client/src/overview/components/product/SelectQuantityDropdown.jsx
FN:4,(anonymous_0)
FN:17,(anonymous_1)
FNF:2
FNH:2
FNDA:13,(anonymous_0)
FNDA:1,(anonymous_1)
DA:4,1
DA:6,13
DA:7,13
DA:8,13
DA:9,6
DA:10,81
DA:11,81
DA:16,13
DA:18,1
LF:9
LH:9
BRDA:8,0,0,6
BRDA:8,0,1,7
BRDA:8,1,0,13
BRDA:8,1,1,13
BRDA:9,2,0,87
BRDA:9,2,1,85
BRDA:17,3,0,0
BRDA:17,3,1,13
BRDA:20,4,0,7
BRDA:20,4,1,6
BRF:10
BRH:9
end_of_record
TN:
SF:client/src/overview/components/product/SelectSizeDropdown.jsx
FN:4,(anonymous_0)
FN:13,(anonymous_1)
FN:22,(anonymous_2)
FNF:3
FNH:3
FNDA:14,(anonymous_0)
FNDA:143,(anonymous_1)
FNDA:6,(anonymous_2)
DA:4,1
DA:10,14
DA:11,14
DA:12,14
DA:13,13
DA:14,143
DA:16,13
DA:20,14
DA:23,6
DA:24,5
DA:25,1
DA:26,1
DA:28,0
LF:13
LH:12
BRDA:12,0,0,13
BRDA:12,0,1,1
BRDA:23,1,0,5
BRDA:23,1,1,1
BRDA:25,2,0,1
BRDA:25,2,1,0
BRF:6
BRH:5
end_of_record
TN:
SF:client/src/overview/components/style/StyleList.jsx
FN:5,(anonymous_0)
FN:12,(anonymous_1)
FNF:2
FNH:0
FNDA:0,(anonymous_0)
FNDA:0,(anonymous_1)
DA:5,1
DA:12,0
DA:13,0
DA:15,0
LF:4
LH:1
BRF:0
BRH:0
end_of_record
TN:
SF:client/src/overview/components/style/StyleSelectorContainer.jsx
FN:5,(anonymous_0)
FNF:1
FNH:1
FNDA:1,(anonymous_0)
DA:5,1
DA:14,1
DA:15,0
DA:29,1
LF:4
LH:3
BRDA:14,0,0,0
BRDA:14,0,1,1
BRDA:14,1,0,1
BRDA:14,1,1,0
BRF:4
BRH:2
end_of_record
TN:
SF:client/src/overview/components/style/StyleThumbnail.jsx
FN:5,(anonymous_0)
FN:11,(anonymous_1)
FNF:2
FNH:0
FNDA:0,(anonymous_0)
FNDA:0,(anonymous_1)
DA:5,1
DA:11,0
DA:12,0
DA:13,0
DA:16,0
LF:5
LH:1
BRF:0
BRH:0
end_of_record
